<?xml version="1.0" encoding="UTF-8"?>
<testsuite xmlns:xsi="http://www.w3.org/2001/XMLSchema-instance" xsi:noNamespaceSchemaLocation="https://maven.apache.org/surefire/maven-surefire-plugin/xsd/surefire-test-report-3.0.xsd" version="3.0" name="edu.eci.arsw.blueprints.BlueprintsSmokeTest" time="4.309" tests="1" errors="0" skipped="0" failures="0">
  <properties>
[...]
</properties>
  <testcase name="contextLoads" classname="edu.eci.arsw.blueprints.BlueprintsSmokeTest" time="1.015">
    <system-out><![CDATA[09:17:03.379 [main] INFO org.springframework.test.context.support.AnnotationConfigContextLoaderUtils -- Could not detect default configuration classes for test class [edu.eci.arsw.blueprints.BlueprintsSmokeTest]: BlueprintsSmokeTest does not declare any static, non-private, non-final, nested classes annotated with @Configuration.
09:17:03.597 [main] INFO org.springframework.boot.test.context.SpringBootTestContextBootstrapper -- Found @SpringBootConfiguration edu.eci.arsw.blueprints.BlueprintsApplication for test class edu.eci.arsw.blueprints.BlueprintsSmokeTest

  .   ____          _            __ _ _
 /\\ / ___'_ __ _ _(_)_ __  __ _ \ \ \ \
( ( )\___ | '_ | '_| | '_ \/ _` | \ \ \ \
 \\/  ___)| |_)| | | | | || (_| |  ) ) ) )
  '  |____| .__|_| |_|_| |_\__, | / / / /
 =========|_|==============|___/=/_/_/_/

 :: Spring Boot ::                (v3.3.9)

2026-03-27T09:17:04.136-05:00  INFO 2208 --- [           main] e.e.arsw.blueprints.BlueprintsSmokeTest  : Starting BlueprintsSmokeTest using Java 23.0.2 with PID 2208 (started by Usuario in C:\Users\Usuario\Documents\ParcialPractico-2026-Corte2)
2026-03-27T09:17:04.139-05:00  INFO 2208 --- [           main] e.e.arsw.blueprints.BlueprintsSmokeTest  : No active profile set, falling back to 1 default profile: "default"
2026-03-27T09:17:06.394-05:00  INFO 2208 --- [           main] e.e.arsw.blueprints.BlueprintsSmokeTest  : Started BlueprintsSmokeTest in 2.626 seconds (process running for 4.018)
]]></system-out>
    <system-err><![CDATA[WARNING: A Java agent has been loaded dynamically (C:\Users\Usuario\.m2\repository\net\bytebuddy\byte-buddy-agent\1.14.19\byte-buddy-agent-1.14.19.jar)
WARNING: If a serviceability tool is in use, please run with -XX:+EnableDynamicAgentLoading to hide this warning
WARNING: If a serviceability tool is not in use, please run with -Djdk.instrument.traceUsage for more information
WARNING: Dynamic loading of agents will be disallowed by default in a future release
]]></system-err>
  </testcase>
</testsuite>